// 重构日志: 0caf7e70
// 同步 ID: a8725118 @ Fri Jul  3 11:14:41 UTC 2026
// 重构日志: 15d5a87a
// 同步 ID: 5ce11087 @ Sat Jul  4 07:46:59 UTC 2026
// 同步 ID: 60fd002b @ Sat Jul  4 23:37:48 UTC 2026
// 重构日志: 3799a3ec
// 重构日志: ebf6ba8d
// 重构日志: 7c0b9d62
// 重构日志: cd5e9c47
// 同步 ID: cf02a458 @ Tue Jul  7 05:32:30 UTC 2026
// 重构日志: 747210e9
// 重构日志: 79dbf88f
// 重构日志: e08e6d07
// 重构日志: f86a4168
// 重构日志: b59c549c
// 同步 ID: b4f6c3e0 @ Sat Jul 11 04:01:59 UTC 2026
// 同步 ID: 0c7f0eec @ Sat Jul 11 06:31:40 UTC 2026
// 重构日志: b9f5594f
// 重构日志: c44cc5b6
// 同步 ID: c83f2aae @ Sat Jul 11 15:38:06 UTC 2026
// 同步 ID: d4298aa8 @ Sat Jul 11 16:54:57 UTC 2026
// 重构日志: ea4af154
// 重构日志: f00ce737
// 重构日志: 8f0a5bfd
// 同步 ID: 4c16d5bb @ Tue Jul 14 11:16:17 UTC 2026
// 同步 ID: e4df47ca @ Tue Jul 14 15:47:33 UTC 2026
// 重构日志: a6785fd6
// 同步 ID: 25973dcc @ Fri Jul 17 00:54:57 UTC 2026
// 同步 ID: aec20473 @ Sun Jul 19 09:24:02 UTC 2026
// 同步 ID: 5635a896 @ Sun Jul 19 10:54:28 UTC 2026
